{"level":"info","message":"Connected to database successfully!"}
{"level":"info","message":"Server started at port 3000"}
{"level":"info","message":"Table created successfully!"}
{"level":"info","message":"Connected to database successfully!"}
{"level":"info","message":"Server started at port 5000"}
{"level":"info","message":"Table created successfully!"}
{"level":"info","message":"Connected to database successfully!"}
{"level":"info","message":"Server started at port 5000"}
{"level":"info","message":"Table created successfully!"}
{"level":"info","message":"Connected to database successfully!"}
{"level":"info","message":"Server started at port 5000"}
{"level":"info","message":"Table created successfully!"}
{"level":"error","message":"The first argument must be of type string or an instance of Buffer, ArrayBuffer, or Array or an Array-like Object. Received null"}
{"level":"error","message":"The first argument must be of type string or an instance of Buffer, ArrayBuffer, or Array or an Array-like Object. Received null"}
{"level":"error","message":"The first argument must be of type string or an instance of Buffer, ArrayBuffer, or Array or an Array-like Object. Received null"}
{"level":"error","message":"The first argument must be of type string or an instance of Buffer, ArrayBuffer, or Array or an Array-like Object. Received null"}
{"level":"error","message":"The first argument must be of type string or an instance of Buffer, ArrayBuffer, or Array or an Array-like Object. Received null"}
{"level":"error","message":"The first argument must be of type string or an instance of Buffer, ArrayBuffer, or Array or an Array-like Object. Received null"}
{"level":"error","message":"The first argument must be of type string or an instance of Buffer, ArrayBuffer, or Array or an Array-like Object. Received null"}
{"level":"error","message":"The first argument must be of type string or an instance of Buffer, ArrayBuffer, or Array or an Array-like Object. Received null"}
{"level":"error","message":"The first argument must be of type string or an instance of Buffer, ArrayBuffer, or Array or an Array-like Object. Received null"}
{"level":"error","message":"The first argument must be of type string or an instance of Buffer, ArrayBuffer, or Array or an Array-like Object. Received null"}
{"level":"error","message":"The first argument must be of type string or an instance of Buffer, ArrayBuffer, or Array or an Array-like Object. Received null"}
{"level":"error","message":"The first argument must be of type string or an instance of Buffer, ArrayBuffer, or Array or an Array-like Object. Received null"}
{"level":"error","message":"The first argument must be of type string or an instance of Buffer, ArrayBuffer, or Array or an Array-like Object. Received null"}
{"level":"error","message":"The first argument must be of type string or an instance of Buffer, ArrayBuffer, or Array or an Array-like Object. Received null"}
{"level":"info","message":"Connected to database successfully!"}
{"level":"info","message":"Server started at port 5000"}
{"level":"info","message":"Table created successfully!"}
{"level":"info","message":"Connected to database successfully!"}
{"level":"info","message":"Server started at port 5000"}
{"level":"info","message":"Connected to database successfully!"}
{"level":"info","message":"Server started at port 5000"}
{"level":"info","message":"Table created successfully!"}
{"level":"info","message":"Connected to database successfully!"}
{"level":"info","message":"Server started at port 5000"}
{"level":"info","message":"Connected to database successfully!"}
{"level":"info","message":"Server started at port 5000"}
{"level":"info","message":"Connected to database successfully!"}
{"level":"info","message":"Server started at port 5000"}
{"level":"info","message":"Connected to database successfully!"}
{"level":"info","message":"Server started at port 5000"}
{"level":"info","message":"Table created successfully!"}
{"level":"info","message":"Connected to database successfully!"}
{"level":"info","message":"Server started at port 5000"}
{"level":"info","message":"Connected to database successfully!"}
{"level":"info","message":"Server started at port 5000"}
{"level":"info","message":"Connected to database successfully!"}
{"level":"info","message":"Server started at port 5000"}
{"level":"info","message":"Table created successfully!"}
{"level":"info","message":"Connected to database successfully!"}
{"level":"info","message":"Server started at port 5000"}
{"level":"info","message":"Connected to database successfully!"}
{"level":"info","message":"Server started at port 5000"}
{"level":"info","message":"Table created successfully!"}
{"level":"info","message":"Connected to database successfully!"}
{"level":"info","message":"Server started at port 5000"}
{"level":"info","message":"Connected to database successfully!"}
{"level":"info","message":"Server started at port 5000"}
{"level":"info","message":"Table created successfully!"}
{"level":"info","message":"Connected to database successfully!"}
{"level":"info","message":"Server started at port 5000"}
{"level":"info","message":"Table created successfully!"}
{"level":"error","message":"Request failed with status code 429"}
{"level":"error","message":"Request failed with status code 429"}
{"level":"error","message":"Request failed with status code 429"}
{"level":"error","message":"Request failed with status code 429"}
{"level":"info","message":"Connected to database successfully!"}
{"level":"info","message":"Server started at port 5000"}
{"level":"info","message":"Table created successfully!"}
{"level":"error","message":"Request failed with status code 429"}
{"level":"error","message":"Request failed with status code 429"}
{"level":"error","message":"Request failed with status code 429"}
{"level":"error","message":"Request failed with status code 429"}
{"level":"error","message":"Request failed with status code 429"}
{"level":"error","message":"Request failed with status code 429"}
{"level":"error","message":"read ECONNRESET"}
{"level":"error","message":"read ECONNRESET"}
{"level":"info","message":"Connected to database successfully!"}
{"level":"info","message":"Server started at port 5000"}
{"code":"ECONNRESET","errno":-4077,"level":"error","message":"Error creating table: read ECONNRESET","stack":"Error: read ECONNRESET\n    at TCP.onStreamRead (node:internal/stream_base_commons:217:20)","syscall":"read"}
{"level":"error","message":"read ECONNRESET"}
{"level":"error","message":"read ECONNRESET"}
{"level":"info","message":"Connected to database successfully!"}
{"level":"info","message":"Server started at port 5000"}
{"level":"info","message":"Table created successfully!"}
{"level":"error","message":"Request failed with status code 429"}
{"level":"error","message":"Request failed with status code 429"}
{"level":"error","message":"Request failed with status code 429"}
{"level":"error","message":"Request failed with status code 429"}
{"level":"info","message":"Connected to database successfully!"}
{"level":"info","message":"Server started at port 5000"}
{"level":"info","message":"Table created successfully!"}
{"level":"error","message":"Request failed with status code 429"}
{"level":"error","message":"Request failed with status code 429"}
{"level":"error","message":"Request failed with status code 429"}
{"level":"error","message":"Request failed with status code 429"}
{"level":"error","message":"Request failed with status code 429"}
{"level":"error","message":"Request failed with status code 429"}
{"level":"error","message":"read ECONNRESET"}
{"level":"error","message":"read ECONNRESET"}
{"level":"info","message":"Connected to database successfully!"}
{"level":"info","message":"Server started at port 5000"}
{"level":"info","message":"Table created successfully!"}
{"level":"error","message":"Request failed with status code 429"}
{"level":"error","message":"Request failed with status code 429"}
{"level":"error","message":"Request failed with status code 429"}
{"level":"error","message":"Request failed with status code 429"}
{"level":"info","message":"Connected to database successfully!"}
{"level":"info","message":"Server started at port 5000"}
{"level":"info","message":"Table created successfully!"}
{"level":"error","message":"Request failed with status code 429"}
{"level":"error","message":"Request failed with status code 429"}
{"level":"error","message":"Request failed with status code 429"}
{"level":"error","message":"Request failed with status code 429"}
{"level":"error","message":"Request failed with status code 429"}
{"level":"error","message":"Request failed with status code 429"}
{"level":"error","message":"Request failed with status code 429"}
{"level":"error","message":"Request failed with status code 429"}
{"level":"error","message":"Request failed with status code 429"}
{"level":"error","message":"Request failed with status code 429"}
{"level":"error","message":"Request failed with status code 429"}
{"level":"error","message":"Request failed with status code 429"}
{"level":"info","message":"Connected to database successfully!"}
{"level":"info","message":"Server started at port 5000"}
{"level":"info","message":"Table created successfully!"}
{"level":"error","message":"Request failed with status code 429"}
{"level":"error","message":"Request failed with status code 429"}
{"level":"error","message":"Request failed with status code 429"}
{"level":"error","message":"Request failed with status code 429"}
{"level":"error","message":"Request failed with status code 429"}
{"level":"error","message":"Request failed with status code 429"}
{"level":"error","message":"Request failed with status code 429"}
{"level":"error","message":"Request failed with status code 429"}
{"level":"info","message":"Connected to database successfully!"}
{"level":"info","message":"Server started at port 5000"}
{"level":"info","message":"Table created successfully!"}
{"level":"info","message":"Connected to database successfully!"}
{"level":"info","message":"Server started at port 5000"}
{"level":"info","message":"Connected to database successfully!"}
{"level":"info","message":"Server started at port 5000"}
{"level":"info","message":"Table created successfully!"}
{"level":"info","message":"Connected to database successfully!"}
{"level":"info","message":"Server started at port 5000"}
{"level":"info","message":"Table created successfully!"}
{"level":"info","message":"Connected to database successfully!"}
{"level":"info","message":"Server started at port 5000"}
{"level":"info","message":"Table created successfully!"}
{"level":"info","message":"Connected to database successfully!"}
{"level":"info","message":"Server started at port 5000"}
{"level":"info","message":"Table created successfully!"}
{"level":"info","message":"Connected to database successfully!"}
{"level":"info","message":"Server started at port 5000"}
{"level":"info","message":"Connected to database successfully!"}
{"level":"info","message":"Server started at port 5000"}
{"level":"info","message":"Connected to database successfully!"}
{"level":"info","message":"Server started at port 5000"}
{"level":"info","message":"Connected to database successfully!"}
{"level":"info","message":"Server started at port 5000"}
{"level":"info","message":"Connected to database successfully!"}
{"level":"info","message":"Server started at port 5000"}
{"level":"info","message":"Connected to database successfully!"}
{"level":"info","message":"Server started at port 5000"}
{"level":"info","message":"Connected to database successfully!"}
{"level":"info","message":"Server started at port 5000"}
{"level":"info","message":"Table created successfully!"}
{"level":"info","message":"Connected to database successfully!"}
{"level":"info","message":"Server started at port 5000"}
{"level":"info","message":"Table created successfully!"}
{"level":"info","message":"Connected to database successfully!"}
{"level":"info","message":"Server started at port 5000"}
{"level":"info","message":"Table created successfully!"}
{"level":"info","message":"Connected to database successfully!"}
{"level":"info","message":"Server started at port 5000"}
{"level":"info","message":"Connected to database successfully!"}
{"level":"info","message":"Server started at port 5000"}
{"level":"info","message":"Connected to database successfully!"}
{"level":"info","message":"Server started at port 5000"}
{"level":"info","message":"Table created successfully!"}
{"level":"info","message":"Connected to database successfully!"}
{"level":"info","message":"Server started at port 5000"}
{"level":"info","message":"Table created successfully!"}
{"level":"info","message":"Connected to database successfully!"}
{"level":"info","message":"Server started at port 5000"}
{"level":"info","message":"Table created successfully!"}
